<?xml version="1.0" encoding="UTF-8"?>
<!-- Generated by org.testng.reporters.JUnitReportReporter -->
<testsuite skipped="0" hostname="G1C2ML14149" name="maven_testing_framework.framework.Main" tests="1" failures="0" timestamp="28 Aug 2018 18:55:49 GMT" time="55.477" errors="0">
  <testcase name="mainControll" time="55.477" classname="maven_testing_framework.framework.Main"/>
</testsuite> <!-- maven_testing_framework.framework.Main -->
